This is pdfTeX, Version 3.14159265-2.6-1.40.20 (MiKTeX 2.9.6960 64-bit) (preloaded format=pdflatex 2019.3.1)  3 APR 2019 22:11
entering extended mode
**\def\tikzexternalrealjob{wykresy_projekt_generator}\input{wykresy_projekt_gen
erator}
(wykresy_projekt_generator.tex ("C:\Users\Michal\AppData\Local\Programs\MiKTeX 
2.9\tex/latex/base\article.cls"
Document Class: article 2018/09/03 v1.4i Standard LaTeX document class
("C:\Users\Michal\AppData\Local\Programs\MiKTeX 2.9\tex/latex/base\size11.clo"
File: size11.clo 2018/09/03 v1.4i Standard LaTeX file (size option)
)
\c@part=\count80
\c@section=\count81
\c@subsection=\count82
\c@subsubsection=\count83
\c@paragraph=\count84
\c@subparagraph=\count85
\c@figure=\count86
\c@table=\count87
\abovecaptionskip=\skip41
\belowcaptionskip=\skip42
\bibindent=\dimen102
)
("C:\Users\Michal\AppData\Local\Programs\MiKTeX 2.9\tex/latex/pgfplots\pgfplots
.sty"
("C:\Users\Michal\AppData\Local\Programs\MiKTeX 2.9\tex/generic/pgfplots\pgfplo
ts.revision.tex")
Package: pgfplots 2018/03/28 v1.16 Data Visualization (1.16)

("C:\Users\Michal\AppData\Local\Programs\MiKTeX 2.9\tex/latex/graphics\graphicx
.sty"
Package: graphicx 2017/06/01 v1.1a Enhanced LaTeX Graphics (DPC,SPQR)

("C:\Users\Michal\AppData\Local\Programs\MiKTeX 2.9\tex/latex/graphics\keyval.s
ty"
Package: keyval 2014/10/28 v1.15 key=value parser (DPC)
\KV@toks@=\toks14
)
("C:\Users\Michal\AppData\Local\Programs\MiKTeX 2.9\tex/latex/graphics\graphics
.sty"
Package: graphics 2017/06/25 v1.2c Standard LaTeX Graphics (DPC,SPQR)
("C:\Users\Michal\AppData\Local\Programs\MiKTeX 2.9\tex/latex/graphics\trig.sty
"
Package: trig 2016/01/03 v1.10 sin cos tan (DPC)
)
("C:\Users\Michal\AppData\Local\Programs\MiKTeX 2.9\tex/latex/graphics-cfg\grap
hics.cfg"
File: graphics.cfg 2016/06/04 v1.11 sample graphics configuration
)
Package graphics Info: Driver file: pdftex.def on input line 99.

("C:\Users\Michal\AppData\Local\Programs\MiKTeX 2.9\tex/latex/graphics-def\pdft
ex.def"
File: pdftex.def 2018/01/08 v1.0l Graphics/color driver for pdftex
))
\Gin@req@height=\dimen103
\Gin@req@width=\dimen104
)
("C:\Users\Michal\AppData\Local\Programs\MiKTeX 2.9\tex/latex/pgf/frontendlayer
\tikz.sty"
("C:\Users\Michal\AppData\Local\Programs\MiKTeX 2.9\tex/latex/pgf/basiclayer\pg
f.sty"
("C:\Users\Michal\AppData\Local\Programs\MiKTeX 2.9\tex/latex/pgf/utilities\pgf
rcs.sty"
("C:\Users\Michal\AppData\Local\Programs\MiKTeX 2.9\tex/generic/pgf/utilities\p
gfutil-common.tex"
\pgfutil@everybye=\toks15
\pgfutil@tempdima=\dimen105
\pgfutil@tempdimb=\dimen106

("C:\Users\Michal\AppData\Local\Programs\MiKTeX 2.9\tex/generic/pgf/utilities\p
gfutil-common-lists.tex"))
("C:\Users\Michal\AppData\Local\Programs\MiKTeX 2.9\tex/generic/pgf/utilities\p
gfutil-latex.def"
\pgfutil@abb=\box27
("C:\Users\Michal\AppData\Local\Programs\MiKTeX 2.9\tex/latex/ms\everyshi.sty"
Package: everyshi 2001/05/15 v3.00 EveryShipout Package (MS)
))
("C:\Users\Michal\AppData\Local\Programs\MiKTeX 2.9\tex/generic/pgf/utilities\p
gfrcs.code.tex"
("C:\Users\Michal\AppData\Local\Programs\MiKTeX 2.9\tex/generic/pgf\pgf.revisio
n.tex")
Package: pgfrcs 2019/02/02 v3.1.1 (3.1.1)
))
Package: pgf 2019/02/02 v3.1.1 (3.1.1)

("C:\Users\Michal\AppData\Local\Programs\MiKTeX 2.9\tex/latex/pgf/basiclayer\pg
fcore.sty"
("C:\Users\Michal\AppData\Local\Programs\MiKTeX 2.9\tex/latex/pgf/systemlayer\p
gfsys.sty"
("C:\Users\Michal\AppData\Local\Programs\MiKTeX 2.9\tex/generic/pgf/systemlayer
\pgfsys.code.tex"
Package: pgfsys 2019/02/02 v3.1.1 (3.1.1)

("C:\Users\Michal\AppData\Local\Programs\MiKTeX 2.9\tex/generic/pgf/utilities\p
gfkeys.code.tex"
\pgfkeys@pathtoks=\toks16
\pgfkeys@temptoks=\toks17

("C:\Users\Michal\AppData\Local\Programs\MiKTeX 2.9\tex/generic/pgf/utilities\p
gfkeysfiltered.code.tex"
\pgfkeys@tmptoks=\toks18
))
\pgf@x=\dimen107
\pgf@y=\dimen108
\pgf@xa=\dimen109
\pgf@ya=\dimen110
\pgf@xb=\dimen111
\pgf@yb=\dimen112
\pgf@xc=\dimen113
\pgf@yc=\dimen114
\w@pgf@writea=\write3
\r@pgf@reada=\read1
\c@pgf@counta=\count88
\c@pgf@countb=\count89
\c@pgf@countc=\count90
\c@pgf@countd=\count91
\t@pgf@toka=\toks19
\t@pgf@tokb=\toks20
\t@pgf@tokc=\toks21
\pgf@sys@id@count=\count92

("C:\Users\Michal\AppData\Local\Programs\MiKTeX 2.9\tex/generic/pgf/systemlayer
\pgf.cfg"
File: pgf.cfg 2019/02/02 v3.1.1 (3.1.1)
)
Driver file for pgf: pgfsys-pdftex.def

("C:\Users\Michal\AppData\Local\Programs\MiKTeX 2.9\tex/generic/pgf/systemlayer
\pgfsys-pdftex.def"
File: pgfsys-pdftex.def 2019/02/02 v3.1.1 (3.1.1)

("C:\Users\Michal\AppData\Local\Programs\MiKTeX 2.9\tex/generic/pgf/systemlayer
\pgfsys-common-pdf.def"
File: pgfsys-common-pdf.def 2019/02/02 v3.1.1 (3.1.1)
)))
("C:\Users\Michal\AppData\Local\Programs\MiKTeX 2.9\tex/generic/pgf/systemlayer
\pgfsyssoftpath.code.tex"
File: pgfsyssoftpath.code.tex 2019/02/02 v3.1.1 (3.1.1)
\pgfsyssoftpath@smallbuffer@items=\count93
\pgfsyssoftpath@bigbuffer@items=\count94
)
("C:\Users\Michal\AppData\Local\Programs\MiKTeX 2.9\tex/generic/pgf/systemlayer
\pgfsysprotocol.code.tex"
File: pgfsysprotocol.code.tex 2019/02/02 v3.1.1 (3.1.1)
)) ("C:\Users\Michal\AppData\Local\Programs\MiKTeX 2.9\tex/latex/xcolor\xcolor.
sty"
Package: xcolor 2016/05/11 v2.12 LaTeX color extensions (UK)

("C:\Users\Michal\AppData\Local\Programs\MiKTeX 2.9\tex/latex/graphics-cfg\colo
r.cfg"
File: color.cfg 2016/01/02 v1.6 sample color configuration
)
Package xcolor Info: Driver file: pdftex.def on input line 225.
Package xcolor Info: Model `cmy' substituted by `cmy0' on input line 1348.
Package xcolor Info: Model `hsb' substituted by `rgb' on input line 1352.
Package xcolor Info: Model `RGB' extended on input line 1364.
Package xcolor Info: Model `HTML' substituted by `rgb' on input line 1366.
Package xcolor Info: Model `Hsb' substituted by `hsb' on input line 1367.
Package xcolor Info: Model `tHsb' substituted by `hsb' on input line 1368.
Package xcolor Info: Model `HSB' substituted by `hsb' on input line 1369.
Package xcolor Info: Model `Gray' substituted by `gray' on input line 1370.
Package xcolor Info: Model `wave' substituted by `hsb' on input line 1371.
)
("C:\Users\Michal\AppData\Local\Programs\MiKTeX 2.9\tex/generic/pgf/basiclayer\
pgfcore.code.tex"
Package: pgfcore 2019/02/02 v3.1.1 (3.1.1)

("C:\Users\Michal\AppData\Local\Programs\MiKTeX 2.9\tex/generic/pgf/math\pgfmat
h.code.tex"
("C:\Users\Michal\AppData\Local\Programs\MiKTeX 2.9\tex/generic/pgf/math\pgfmat
hcalc.code.tex"
("C:\Users\Michal\AppData\Local\Programs\MiKTeX 2.9\tex/generic/pgf/math\pgfmat
hutil.code.tex")
("C:\Users\Michal\AppData\Local\Programs\MiKTeX 2.9\tex/generic/pgf/math\pgfmat
hparser.code.tex"
\pgfmath@dimen=\dimen115
\pgfmath@count=\count95
\pgfmath@box=\box28
\pgfmath@toks=\toks22
\pgfmath@stack@operand=\toks23
\pgfmath@stack@operation=\toks24
)
("C:\Users\Michal\AppData\Local\Programs\MiKTeX 2.9\tex/generic/pgf/math\pgfmat
hfunctions.code.tex"
("C:\Users\Michal\AppData\Local\Programs\MiKTeX 2.9\tex/generic/pgf/math\pgfmat
hfunctions.basic.code.tex")
("C:\Users\Michal\AppData\Local\Programs\MiKTeX 2.9\tex/generic/pgf/math\pgfmat
hfunctions.trigonometric.code.tex")
("C:\Users\Michal\AppData\Local\Programs\MiKTeX 2.9\tex/generic/pgf/math\pgfmat
hfunctions.random.code.tex")
("C:\Users\Michal\AppData\Local\Programs\MiKTeX 2.9\tex/generic/pgf/math\pgfmat
hfunctions.comparison.code.tex")
("C:\Users\Michal\AppData\Local\Programs\MiKTeX 2.9\tex/generic/pgf/math\pgfmat
hfunctions.base.code.tex")
("C:\Users\Michal\AppData\Local\Programs\MiKTeX 2.9\tex/generic/pgf/math\pgfmat
hfunctions.round.code.tex")
("C:\Users\Michal\AppData\Local\Programs\MiKTeX 2.9\tex/generic/pgf/math\pgfmat
hfunctions.misc.code.tex")
("C:\Users\Michal\AppData\Local\Programs\MiKTeX 2.9\tex/generic/pgf/math\pgfmat
hfunctions.integerarithmetics.code.tex")))
("C:\Users\Michal\AppData\Local\Programs\MiKTeX 2.9\tex/generic/pgf/math\pgfmat
hfloat.code.tex"
\c@pgfmathroundto@lastzeros=\count96
))
("C:\Users\Michal\AppData\Local\Programs\MiKTeX 2.9\tex/generic/pgf/basiclayer\
pgfcorepoints.code.tex"
File: pgfcorepoints.code.tex 2019/02/02 v3.1.1 (3.1.1)
\pgf@picminx=\dimen116
\pgf@picmaxx=\dimen117
\pgf@picminy=\dimen118
\pgf@picmaxy=\dimen119
\pgf@pathminx=\dimen120
\pgf@pathmaxx=\dimen121
\pgf@pathminy=\dimen122
\pgf@pathmaxy=\dimen123
\pgf@xx=\dimen124
\pgf@xy=\dimen125
\pgf@yx=\dimen126
\pgf@yy=\dimen127
\pgf@zx=\dimen128
\pgf@zy=\dimen129
)
("C:\Users\Michal\AppData\Local\Programs\MiKTeX 2.9\tex/generic/pgf/basiclayer\
pgfcorepathconstruct.code.tex"
File: pgfcorepathconstruct.code.tex 2019/02/02 v3.1.1 (3.1.1)
\pgf@path@lastx=\dimen130
\pgf@path@lasty=\dimen131
)
("C:\Users\Michal\AppData\Local\Programs\MiKTeX 2.9\tex/generic/pgf/basiclayer\
pgfcorepathusage.code.tex"
File: pgfcorepathusage.code.tex 2019/02/02 v3.1.1 (3.1.1)
\pgf@shorten@end@additional=\dimen132
\pgf@shorten@start@additional=\dimen133
)
("C:\Users\Michal\AppData\Local\Programs\MiKTeX 2.9\tex/generic/pgf/basiclayer\
pgfcorescopes.code.tex"
File: pgfcorescopes.code.tex 2019/02/02 v3.1.1 (3.1.1)
\pgfpic=\box29
\pgf@hbox=\box30
\pgf@layerbox@main=\box31
\pgf@picture@serial@count=\count97
)
("C:\Users\Michal\AppData\Local\Programs\MiKTeX 2.9\tex/generic/pgf/basiclayer\
pgfcoregraphicstate.code.tex"
File: pgfcoregraphicstate.code.tex 2019/02/02 v3.1.1 (3.1.1)
\pgflinewidth=\dimen134
)
("C:\Users\Michal\AppData\Local\Programs\MiKTeX 2.9\tex/generic/pgf/basiclayer\
pgfcoretransformations.code.tex"
File: pgfcoretransformations.code.tex 2019/02/02 v3.1.1 (3.1.1)
\pgf@pt@x=\dimen135
\pgf@pt@y=\dimen136
\pgf@pt@temp=\dimen137
)
("C:\Users\Michal\AppData\Local\Programs\MiKTeX 2.9\tex/generic/pgf/basiclayer\
pgfcorequick.code.tex"
File: pgfcorequick.code.tex 2019/02/02 v3.1.1 (3.1.1)
)
("C:\Users\Michal\AppData\Local\Programs\MiKTeX 2.9\tex/generic/pgf/basiclayer\
pgfcoreobjects.code.tex"
File: pgfcoreobjects.code.tex 2019/02/02 v3.1.1 (3.1.1)
)
("C:\Users\Michal\AppData\Local\Programs\MiKTeX 2.9\tex/generic/pgf/basiclayer\
pgfcorepathprocessing.code.tex"
File: pgfcorepathprocessing.code.tex 2019/02/02 v3.1.1 (3.1.1)
)
("C:\Users\Michal\AppData\Local\Programs\MiKTeX 2.9\tex/generic/pgf/basiclayer\
pgfcorearrows.code.tex"
File: pgfcorearrows.code.tex 2019/02/02 v3.1.1 (3.1.1)
\pgfarrowsep=\dimen138
)
("C:\Users\Michal\AppData\Local\Programs\MiKTeX 2.9\tex/generic/pgf/basiclayer\
pgfcoreshade.code.tex"
File: pgfcoreshade.code.tex 2019/02/02 v3.1.1 (3.1.1)
\pgf@max=\dimen139
\pgf@sys@shading@range@num=\count98
)
("C:\Users\Michal\AppData\Local\Programs\MiKTeX 2.9\tex/generic/pgf/basiclayer\
pgfcoreimage.code.tex"
File: pgfcoreimage.code.tex 2019/02/02 v3.1.1 (3.1.1)

("C:\Users\Michal\AppData\Local\Programs\MiKTeX 2.9\tex/generic/pgf/basiclayer\
pgfcoreexternal.code.tex"
File: pgfcoreexternal.code.tex 2019/02/02 v3.1.1 (3.1.1)
\pgfexternal@startupbox=\box32
))
("C:\Users\Michal\AppData\Local\Programs\MiKTeX 2.9\tex/generic/pgf/basiclayer\
pgfcorelayers.code.tex"
File: pgfcorelayers.code.tex 2019/02/02 v3.1.1 (3.1.1)
)
("C:\Users\Michal\AppData\Local\Programs\MiKTeX 2.9\tex/generic/pgf/basiclayer\
pgfcoretransparency.code.tex"
File: pgfcoretransparency.code.tex 2019/02/02 v3.1.1 (3.1.1)
)
("C:\Users\Michal\AppData\Local\Programs\MiKTeX 2.9\tex/generic/pgf/basiclayer\
pgfcorepatterns.code.tex"
File: pgfcorepatterns.code.tex 2019/02/02 v3.1.1 (3.1.1)
)
("C:\Users\Michal\AppData\Local\Programs\MiKTeX 2.9\tex/generic/pgf/basiclayer\
pgfcorerdf.code.tex"
File: pgfcorerdf.code.tex 2019/02/02 v3.1.1 (3.1.1)
)))
("C:\Users\Michal\AppData\Local\Programs\MiKTeX 2.9\tex/generic/pgf/modules\pgf
moduleshapes.code.tex"
File: pgfmoduleshapes.code.tex 2019/02/02 v3.1.1 (3.1.1)
\pgfnodeparttextbox=\box33
)
("C:\Users\Michal\AppData\Local\Programs\MiKTeX 2.9\tex/generic/pgf/modules\pgf
moduleplot.code.tex"
File: pgfmoduleplot.code.tex 2019/02/02 v3.1.1 (3.1.1)
)
("C:\Users\Michal\AppData\Local\Programs\MiKTeX 2.9\tex/latex/pgf/compatibility
\pgfcomp-version-0-65.sty"
Package: pgfcomp-version-0-65 2019/02/02 v3.1.1 (3.1.1)
\pgf@nodesepstart=\dimen140
\pgf@nodesepend=\dimen141
)
("C:\Users\Michal\AppData\Local\Programs\MiKTeX 2.9\tex/latex/pgf/compatibility
\pgfcomp-version-1-18.sty"
Package: pgfcomp-version-1-18 2019/02/02 v3.1.1 (3.1.1)
))
("C:\Users\Michal\AppData\Local\Programs\MiKTeX 2.9\tex/latex/pgf/utilities\pgf
for.sty"
("C:\Users\Michal\AppData\Local\Programs\MiKTeX 2.9\tex/latex/pgf/utilities\pgf
keys.sty"
("C:\Users\Michal\AppData\Local\Programs\MiKTeX 2.9\tex/generic/pgf/utilities\p
gfkeys.code.tex"))
("C:\Users\Michal\AppData\Local\Programs\MiKTeX 2.9\tex/latex/pgf/math\pgfmath.
sty"
("C:\Users\Michal\AppData\Local\Programs\MiKTeX 2.9\tex/generic/pgf/math\pgfmat
h.code.tex"))
("C:\Users\Michal\AppData\Local\Programs\MiKTeX 2.9\tex/generic/pgf/utilities\p
gffor.code.tex"
Package: pgffor 2019/02/02 v3.1.1 (3.1.1)

("C:\Users\Michal\AppData\Local\Programs\MiKTeX 2.9\tex/generic/pgf/math\pgfmat
h.code.tex")
\pgffor@iter=\dimen142
\pgffor@skip=\dimen143
\pgffor@stack=\toks25
\pgffor@toks=\toks26
))
("C:\Users\Michal\AppData\Local\Programs\MiKTeX 2.9\tex/generic/pgf/frontendlay
er/tikz\tikz.code.tex"
Package: tikz 2019/02/02 v3.1.1 (3.1.1)

("C:\Users\Michal\AppData\Local\Programs\MiKTeX 2.9\tex/generic/pgf/libraries\p
gflibraryplothandlers.code.tex"
File: pgflibraryplothandlers.code.tex 2019/02/02 v3.1.1 (3.1.1)
\pgf@plot@mark@count=\count99
\pgfplotmarksize=\dimen144
)
\tikz@lastx=\dimen145
\tikz@lasty=\dimen146
\tikz@lastxsaved=\dimen147
\tikz@lastysaved=\dimen148
\tikzleveldistance=\dimen149
\tikzsiblingdistance=\dimen150
\tikz@figbox=\box34
\tikz@figbox@bg=\box35
\tikz@tempbox=\box36
\tikz@tempbox@bg=\box37
\tikztreelevel=\count100
\tikznumberofchildren=\count101
\tikznumberofcurrentchild=\count102
\tikz@fig@count=\count103

("C:\Users\Michal\AppData\Local\Programs\MiKTeX 2.9\tex/generic/pgf/modules\pgf
modulematrix.code.tex"
File: pgfmodulematrix.code.tex 2019/02/02 v3.1.1 (3.1.1)
\pgfmatrixcurrentrow=\count104
\pgfmatrixcurrentcolumn=\count105
\pgf@matrix@numberofcolumns=\count106
)
\tikz@expandcount=\count107

("C:\Users\Michal\AppData\Local\Programs\MiKTeX 2.9\tex/generic/pgf/frontendlay
er/tikz/libraries\tikzlibrarytopaths.code.tex"
File: tikzlibrarytopaths.code.tex 2019/02/02 v3.1.1 (3.1.1)
)))
("C:\Users\Michal\AppData\Local\Programs\MiKTeX 2.9\tex/generic/pgfplots\pgfplo
ts.code.tex"
("C:\Users\Michal\AppData\Local\Programs\MiKTeX 2.9\tex/generic/pgfplots\pgfplo
tscore.code.tex"
\t@pgfplots@toka=\toks27
\t@pgfplots@tokb=\toks28
\t@pgfplots@tokc=\toks29
\pgfplots@tmpa=\dimen151
\c@pgfplots@coordindex=\count108
\c@pgfplots@scanlineindex=\count109

("C:\Users\Michal\AppData\Local\Programs\MiKTeX 2.9\tex/generic/pgfplots/sys\pg
fplotssysgeneric.code.tex"))
("C:\Users\Michal\AppData\Local\Programs\MiKTeX 2.9\tex/generic/pgfplots/libs\p
gfplotslibrary.code.tex")
("C:\Users\Michal\AppData\Local\Programs\MiKTeX 2.9\tex/generic/pgfplots/oldpgf
compatib\pgfplotsoldpgfsupp_loader.code.tex"
("C:\Users\Michal\AppData\Local\Programs\MiKTeX 2.9\tex/generic/pgf/libraries\p
gflibraryfpu.code.tex")
Package pgfplots: loading complementary arithmetics for your pgf version...

("C:\Users\Michal\AppData\Local\Programs\MiKTeX 2.9\tex/generic/pgfplots/oldpgf
compatib\pgfplotsoldpgfsupp_pgflibraryfpu.code.tex")
("C:\Users\Michal\AppData\Local\Programs\MiKTeX 2.9\tex/generic/pgfplots/oldpgf
compatib\pgfplotsoldpgfsupp_pgfmathfloat.code.tex"
\c@pgfmathroundto@lastzeros=\count110
))
("C:\Users\Michal\AppData\Local\Programs\MiKTeX 2.9\tex/generic/pgfplots/util\p
gfplotsutil.code.tex"
("C:\Users\Michal\AppData\Local\Programs\MiKTeX 2.9\tex/generic/pgfplots/listst
ructure\pgfplotsliststructure.code.tex")
("C:\Users\Michal\AppData\Local\Programs\MiKTeX 2.9\tex/generic/pgfplots/listst
ructure\pgfplotsliststructureext.code.tex")
("C:\Users\Michal\AppData\Local\Programs\MiKTeX 2.9\tex/generic/pgfplots/listst
ructure\pgfplotsarray.code.tex"
\c@pgfplotsarray@tmp=\count111
)
("C:\Users\Michal\AppData\Local\Programs\MiKTeX 2.9\tex/generic/pgfplots/listst
ructure\pgfplotsmatrix.code.tex")
("C:\Users\Michal\AppData\Local\Programs\MiKTeX 2.9\tex/generic/pgfplots/numtab
le\pgfplotstableshared.code.tex"
\c@pgfplotstable@counta=\count112
\t@pgfplotstable@a=\toks30
)
("C:\Users\Michal\AppData\Local\Programs\MiKTeX 2.9\tex/generic/pgfplots/listst
ructure\pgfplotsdeque.code.tex")
("C:\Users\Michal\AppData\Local\Programs\MiKTeX 2.9\tex/generic/pgfplots/util\p
gfplotsbinary.code.tex"
("C:\Users\Michal\AppData\Local\Programs\MiKTeX 2.9\tex/generic/pgfplots/util\p
gfplotsbinary.data.code.tex"))
("C:\Users\Michal\AppData\Local\Programs\MiKTeX 2.9\tex/generic/pgfplots/util\p
gfplotsutil.verb.code.tex")
("C:\Users\Michal\AppData\Local\Programs\MiKTeX 2.9\tex/generic/pgfplots/libs\p
gflibrarypgfplots.surfshading.code.tex"
\c@pgfplotslibrarysurf@no=\count113

("C:\Users\Michal\AppData\Local\Programs\MiKTeX 2.9\tex/generic/pgfplots/sys\pg
flibrarypgfplots.surfshading.pgfsys-pdftex.def")))
("C:\Users\Michal\AppData\Local\Programs\MiKTeX 2.9\tex/generic/pgfplots/util\p
gfplotscolormap.code.tex"
("C:\Users\Michal\AppData\Local\Programs\MiKTeX 2.9\tex/generic/pgfplots/util\p
gfplotscolor.code.tex"))
("C:\Users\Michal\AppData\Local\Programs\MiKTeX 2.9\tex/generic/pgfplots\pgfplo
tsstackedplots.code.tex")
("C:\Users\Michal\AppData\Local\Programs\MiKTeX 2.9\tex/generic/pgfplots\pgfplo
tsplothandlers.code.tex"
("C:\Users\Michal\AppData\Local\Programs\MiKTeX 2.9\tex/generic/pgfplots\pgfplo
tsmeshplothandler.code.tex"
("C:\Users\Michal\AppData\Local\Programs\MiKTeX 2.9\tex/generic/pgfplots\pgfplo
tsmeshplotimage.code.tex")))
("C:\Users\Michal\AppData\Local\Programs\MiKTeX 2.9\tex/generic/pgfplots\pgfplo
ts.scaling.code.tex")
("C:\Users\Michal\AppData\Local\Programs\MiKTeX 2.9\tex/generic/pgfplots\pgfplo
tscoordprocessing.code.tex")
("C:\Users\Michal\AppData\Local\Programs\MiKTeX 2.9\tex/generic/pgfplots\pgfplo
ts.errorbars.code.tex")
("C:\Users\Michal\AppData\Local\Programs\MiKTeX 2.9\tex/generic/pgfplots\pgfplo
ts.markers.code.tex")
("C:\Users\Michal\AppData\Local\Programs\MiKTeX 2.9\tex/generic/pgfplots\pgfplo
tsticks.code.tex")
("C:\Users\Michal\AppData\Local\Programs\MiKTeX 2.9\tex/generic/pgfplots\pgfplo
ts.paths.code.tex")
("C:\Users\Michal\AppData\Local\Programs\MiKTeX 2.9\tex/generic/pgf/frontendlay
er/tikz/libraries\tikzlibrarydecorations.code.tex"
("C:\Users\Michal\AppData\Local\Programs\MiKTeX 2.9\tex/generic/pgf/modules\pgf
moduledecorations.code.tex"
\pgfdecoratedcompleteddistance=\dimen152
\pgfdecoratedremainingdistance=\dimen153
\pgfdecoratedinputsegmentcompleteddistance=\dimen154
\pgfdecoratedinputsegmentremainingdistance=\dimen155
\pgf@decorate@distancetomove=\dimen156
\pgf@decorate@repeatstate=\count114
\pgfdecorationsegmentamplitude=\dimen157
\pgfdecorationsegmentlength=\dimen158
)
\tikz@lib@dec@box=\box38
)
("C:\Users\Michal\AppData\Local\Programs\MiKTeX 2.9\tex/generic/pgf/frontendlay
er/tikz/libraries\tikzlibrarydecorations.pathmorphing.code.tex"
("C:\Users\Michal\AppData\Local\Programs\MiKTeX 2.9\tex/generic/pgf/libraries/d
ecorations\pgflibrarydecorations.pathmorphing.code.tex"))
("C:\Users\Michal\AppData\Local\Programs\MiKTeX 2.9\tex/generic/pgf/frontendlay
er/tikz/libraries\tikzlibrarydecorations.pathreplacing.code.tex"
("C:\Users\Michal\AppData\Local\Programs\MiKTeX 2.9\tex/generic/pgf/libraries/d
ecorations\pgflibrarydecorations.pathreplacing.code.tex"))
\pgfplots@numplots=\count115
\pgfplots@xmin@reg=\dimen159
\pgfplots@xmax@reg=\dimen160
\pgfplots@ymin@reg=\dimen161
\pgfplots@ymax@reg=\dimen162
\pgfplots@zmin@reg=\dimen163
\pgfplots@zmax@reg=\dimen164
)
("C:\Users\Michal\AppData\Local\Programs\MiKTeX 2.9\tex/generic/pgf/frontendlay
er/tikz/libraries\tikzlibraryplotmarks.code.tex"
File: tikzlibraryplotmarks.code.tex 2019/02/02 v3.1.1 (3.1.1)

("C:\Users\Michal\AppData\Local\Programs\MiKTeX 2.9\tex/generic/pgf/libraries\p
gflibraryplotmarks.code.tex"
File: pgflibraryplotmarks.code.tex 2019/02/02 v3.1.1 (3.1.1)
)))
("C:\Users\Michal\AppData\Local\Programs\MiKTeX 2.9\tex/latex/siunitx\siunitx.s
ty"
("C:\Users\Michal\AppData\Local\Programs\MiKTeX 2.9\tex/latex/l3kernel\expl3.st
y"
Package: expl3 2019-02-15 L3 programming layer (loader) 

("C:\Users\Michal\AppData\Local\Programs\MiKTeX 2.9\tex/latex/l3kernel\expl3-co
de.tex"
Package: expl3 2019-02-15 L3 programming layer (code)
\c_max_int=\count116
\l_tmpa_int=\count117
\l_tmpb_int=\count118
\g_tmpa_int=\count119
\g_tmpb_int=\count120
\g__kernel_prg_map_int=\count121
\c_log_iow=\count122
\l_iow_line_count_int=\count123
\l__iow_line_target_int=\count124
\l__iow_one_indent_int=\count125
\l__iow_indent_int=\count126
\c_zero_dim=\dimen165
\c_max_dim=\dimen166
\l_tmpa_dim=\dimen167
\l_tmpb_dim=\dimen168
\g_tmpa_dim=\dimen169
\g_tmpb_dim=\dimen170
\c_zero_skip=\skip43
\c_max_skip=\skip44
\l_tmpa_skip=\skip45
\l_tmpb_skip=\skip46
\g_tmpa_skip=\skip47
\g_tmpb_skip=\skip48
\c_zero_muskip=\muskip10
\c_max_muskip=\muskip11
\l_tmpa_muskip=\muskip12
\l_tmpb_muskip=\muskip13
\g_tmpa_muskip=\muskip14
\g_tmpb_muskip=\muskip15
\l_keys_choice_int=\count127
\l__intarray_loop_int=\count128
\c__intarray_sp_dim=\dimen171
\g__intarray_font_int=\count129
\c__fp_leading_shift_int=\count130
\c__fp_middle_shift_int=\count131
\c__fp_trailing_shift_int=\count132
\c__fp_big_leading_shift_int=\count133
\c__fp_big_middle_shift_int=\count134
\c__fp_big_trailing_shift_int=\count135
\c__fp_Bigg_leading_shift_int=\count136
\c__fp_Bigg_middle_shift_int=\count137
\c__fp_Bigg_trailing_shift_int=\count138
\c__kernel_randint_max_int=\count139
\g__fp_array_int=\count140
\l__fp_array_loop_int=\count141
\l__sort_length_int=\count142
\l__sort_min_int=\count143
\l__sort_top_int=\count144
\l__sort_max_int=\count145
\l__sort_true_max_int=\count146
\l__sort_block_int=\count147
\l__sort_begin_int=\count148
\l__sort_end_int=\count149
\l__sort_A_int=\count150
\l__sort_B_int=\count151
\l__sort_C_int=\count152
\l__tl_analysis_normal_int=\count153
\l__tl_analysis_index_int=\count154
\l__tl_analysis_nesting_int=\count155
\l__tl_analysis_type_int=\count156
\l__regex_internal_a_int=\count157
\l__regex_internal_b_int=\count158
\l__regex_internal_c_int=\count159
\l__regex_balance_int=\count160
\l__regex_group_level_int=\count161
\l__regex_mode_int=\count162
\c__regex_cs_in_class_mode_int=\count163
\c__regex_cs_mode_int=\count164
\l__regex_catcodes_int=\count165
\l__regex_default_catcodes_int=\count166
\c__regex_catcode_D_int=\count167
\c__regex_catcode_S_int=\count168
\c__regex_catcode_L_int=\count169
\c__regex_catcode_O_int=\count170
\c__regex_catcode_A_int=\count171
\c__regex_all_catcodes_int=\count172
\l__regex_show_lines_int=\count173
\l__regex_min_state_int=\count174
\l__regex_max_state_int=\count175
\l__regex_left_state_int=\count176
\l__regex_right_state_int=\count177
\l__regex_capturing_group_int=\count178
\l__regex_min_pos_int=\count179
\l__regex_max_pos_int=\count180
\l__regex_curr_pos_int=\count181
\l__regex_start_pos_int=\count182
\l__regex_success_pos_int=\count183
\l__regex_curr_char_int=\count184
\l__regex_curr_catcode_int=\count185
\l__regex_last_char_int=\count186
\l__regex_case_changed_char_int=\count187
\l__regex_curr_state_int=\count188
\l__regex_step_int=\count189
\l__regex_min_active_int=\count190
\l__regex_max_active_int=\count191
\l__regex_replacement_csnames_int=\count192
\l__regex_match_count_int=\count193
\l__regex_min_submatch_int=\count194
\l__regex_submatch_int=\count195
\l__regex_zeroth_submatch_int=\count196
\g__regex_trace_regex_int=\count197
\c_empty_box=\box39
\l_tmpa_box=\box40
\l_tmpb_box=\box41
\g_tmpa_box=\box42
\g_tmpb_box=\box43
\l__box_top_dim=\dimen172
\l__box_bottom_dim=\dimen173
\l__box_left_dim=\dimen174
\l__box_right_dim=\dimen175
\l__box_top_new_dim=\dimen176
\l__box_bottom_new_dim=\dimen177
\l__box_left_new_dim=\dimen178
\l__box_right_new_dim=\dimen179
\l__box_internal_box=\box44
\l__coffin_internal_box=\box45
\l__coffin_internal_dim=\dimen180
\l__coffin_offset_x_dim=\dimen181
\l__coffin_offset_y_dim=\dimen182
\l__coffin_x_dim=\dimen183
\l__coffin_y_dim=\dimen184
\l__coffin_x_prime_dim=\dimen185
\l__coffin_y_prime_dim=\dimen186
\c_empty_coffin=\box46
\l__coffin_aligned_coffin=\box47
\l__coffin_aligned_internal_coffin=\box48
\l_tmpa_coffin=\box49
\l_tmpb_coffin=\box50
\g_tmpa_coffin=\box51
\g_tmpb_coffin=\box52
\c__coffin_empty_coffin=\box53
\l__coffin_display_coffin=\box54
\l__coffin_display_coord_coffin=\box55
\l__coffin_display_pole_coffin=\box56
\l__coffin_display_offset_dim=\dimen187
\l__coffin_display_x_dim=\dimen188
\l__coffin_display_y_dim=\dimen189
\g__file_internal_ior=\read2
\l__coffin_bounding_shift_dim=\dimen190
\l__coffin_left_corner_dim=\dimen191
\l__coffin_right_corner_dim=\dimen192
\l__coffin_bottom_corner_dim=\dimen193
\l__coffin_top_corner_dim=\dimen194
\l__coffin_scaled_total_height_dim=\dimen195
\l__coffin_scaled_width_dim=\dimen196
\l__seq_internal_a_int=\count198
\l__seq_internal_b_int=\count199
)
("C:\Users\Michal\AppData\Local\Programs\MiKTeX 2.9\tex/latex/l3kernel\l3pdfmod
e.def"
File: l3pdfmode.def 2019-02-15 v L3 Experimental driver: PDF mode
\l__driver_color_stack_int=\count266
))
("C:\Users\Michal\AppData\Local\Programs\MiKTeX 2.9\tex/latex/l3packages/xparse
\xparse.sty"
Package: xparse 2018-10-17 L3 Experimental document command parser
\l__xparse_current_arg_int=\count267
\g__xparse_grabber_int=\count268
\l__xparse_m_args_int=\count269
\l__xparse_mandatory_args_int=\count270
\l__xparse_v_nesting_int=\count271
)
Package: siunitx 2018/05/17 v2.7s A comprehensive (SI) units package

("C:\Users\Michal\AppData\Local\Programs\MiKTeX 2.9\tex/latex/amsmath\amstext.s
ty"
Package: amstext 2000/06/29 v2.01 AMS text

("C:\Users\Michal\AppData\Local\Programs\MiKTeX 2.9\tex/latex/amsmath\amsgen.st
y"
File: amsgen.sty 1999/11/30 v2.0 generic functions
\@emptytoks=\toks31
\ex@=\dimen197
)) ("C:\Users\Michal\AppData\Local\Programs\MiKTeX 2.9\tex/latex/tools\array.st
y"
Package: array 2018/12/30 v2.4k Tabular extension package (FMi)
\col@sep=\dimen198
\ar@mcellbox=\box57
\extrarowheight=\dimen199
\NC@list=\toks32
\extratabsurround=\skip49
\backup@length=\skip50
\ar@cellbox=\box58
)
("C:\Users\Michal\AppData\Local\Programs\MiKTeX 2.9\tex/latex/l3packages/l3keys
2e\l3keys2e.sty"
Package: l3keys2e 2018-10-17 LaTeX2e option processing using LaTeX3 keys
)
\l__siunitx_tmp_box=\box59
\l__siunitx_tmp_dim=\dimen256
\l__siunitx_tmp_int=\count272
\l__siunitx_number_mantissa_length_int=\count273
\l__siunitx_number_uncert_length_int=\count274
\l__siunitx_round_int=\count275
\l__siunitx_process_decimal_int=\count276
\l__siunitx_process_uncertainty_int=\count277
\l__siunitx_process_fixed_int=\count278
\l__siunitx_process_integer_min_int=\count279
\l__siunitx_process_precision_int=\count280
\l__siunitx_group_min_int=\count281
\l__siunitx_angle_marker_box=\box60
\l__siunitx_angle_unit_box=\box61
\l__siunitx_angle_marker_dim=\dimen257
\l__siunitx_angle_unit_dim=\dimen258
\l__siunitx_unit_int=\count282
\l__siunitx_unit_denominator_int=\count283
\l__siunitx_unit_numerator_int=\count284
\l__siunitx_unit_prefix_int=\count285
\l__siunitx_unit_prefix_base_int=\count286
\l__siunitx_unit_prefix_gram_int=\count287
\l__siunitx_number_product_int=\count288
\c__siunitx_one_fill_skip=\skip51
\l__siunitx_table_unit_align_skip=\skip52
\l__siunitx_table_exponent_dim=\dimen259
\l__siunitx_table_integer_dim=\dimen260
\l__siunitx_table_mantissa_dim=\dimen261
\l__siunitx_table_marker_dim=\dimen262
\l__siunitx_table_result_dim=\dimen263
\l__siunitx_table_uncert_dim=\dimen264
\l__siunitx_table_fill_pre_dim=\dimen265
\l__siunitx_table_fill_post_dim=\dimen266
\l__siunitx_table_fill_mid_dim=\dimen267
\l__siunitx_table_pre_box=\box62
\l__siunitx_table_post_box=\box63
\l__siunitx_table_mantissa_box=\box64
\l__siunitx_table_result_box=\box65
\l__siunitx_table_number_align_skip=\skip53
\l__siunitx_table_text_align_skip=\skip54

("C:\Users\Michal\AppData\Local\Programs\MiKTeX 2.9\tex/latex/translator\transl
ator.sty"
Package: translator 2018/01/04 v1.12 Easy translation of strings in LaTeX
))
("C:\Users\Michal\AppData\Local\Programs\MiKTeX 2.9\tex/generic/pgfplots/libs\t
ikzlibrarypgfplots.groupplots.code.tex"
\pgfplots@group@current@plot=\count289
\pgfplots@group@current@row=\count290
\pgfplots@group@current@column=\count291

("C:\Users\Michal\AppData\Local\Programs\MiKTeX 2.9\tex/generic/pgf/frontendlay
er/tikz/libraries\tikzlibrarycalc.code.tex"
File: tikzlibrarycalc.code.tex 2019/02/02 v3.1.1 (3.1.1)
))
("C:\Users\Michal\AppData\Local\Programs\MiKTeX 2.9\tex/generic/pgfplots/libs\t
ikzlibrarypgfplots.external.code.tex"
("C:\Users\Michal\AppData\Local\Programs\MiKTeX 2.9\tex/latex/pgf/frontendlayer
/libraries\tikzlibraryexternal.code.tex"
("C:\Users\Michal\AppData\Local\Programs\MiKTeX 2.9\tex/generic/oberdiek\pdftex
cmds.sty"
Package: pdftexcmds 2018/09/10 v0.29 Utility functions of pdfTeX for LuaTeX (HO
)

("C:\Users\Michal\AppData\Local\Programs\MiKTeX 2.9\tex/generic/oberdiek\infwar
err.sty"
Package: infwarerr 2016/05/16 v1.4 Providing info/warning/error messages (HO)
)
("C:\Users\Michal\AppData\Local\Programs\MiKTeX 2.9\tex/generic/oberdiek\ifluat
ex.sty"
Package: ifluatex 2016/05/16 v1.4 Provides the ifluatex switch (HO)
Package ifluatex Info: LuaTeX not detected.
)
("C:\Users\Michal\AppData\Local\Programs\MiKTeX 2.9\tex/generic/oberdiek\ltxcmd
s.sty"
Package: ltxcmds 2016/05/16 v1.23 LaTeX kernel commands for general use (HO)
)
("C:\Users\Michal\AppData\Local\Programs\MiKTeX 2.9\tex/generic/oberdiek\ifpdf.
sty"
Package: ifpdf 2018/09/07 v3.3 Provides the ifpdf switch
)
Package pdftexcmds Info: LuaTeX not detected.
Package pdftexcmds Info: \pdf@primitive is available.
Package pdftexcmds Info: \pdf@ifprimitive is available.
Package pdftexcmds Info: \pdfdraftmode found.
)
("C:\Users\Michal\AppData\Local\Programs\MiKTeX 2.9\tex/latex/oberdiek\atveryen
d.sty"
Package: atveryend 2016/05/16 v1.9 Hooks at the very end of document (HO)
Package atveryend Info: \enddocument detected (standard20110627).
)
("C:\Users\Michal\AppData\Local\Programs\MiKTeX 2.9\tex/generic/pgf/frontendlay
er/tikz/libraries\tikzexternalshared.code.tex")))
No auxiliary output files.

\w@pgfexternal@auxout=\write4
No file pdf/DMC_E=34_0384_bez_pom_sin=0_5_.aux.
LaTeX Font Info:    Checking defaults for OML/cmm/m/it on input line 32.
LaTeX Font Info:    ... okay on input line 32.
LaTeX Font Info:    Checking defaults for T1/cmr/m/n on input line 32.
LaTeX Font Info:    ... okay on input line 32.
LaTeX Font Info:    Checking defaults for OT1/cmr/m/n on input line 32.
LaTeX Font Info:    ... okay on input line 32.
LaTeX Font Info:    Checking defaults for OMS/cmsy/m/n on input line 32.
LaTeX Font Info:    ... okay on input line 32.
LaTeX Font Info:    Checking defaults for OMX/cmex/m/n on input line 32.
LaTeX Font Info:    ... okay on input line 32.
LaTeX Font Info:    Checking defaults for U/cmr/m/n on input line 32.
LaTeX Font Info:    ... okay on input line 32.

("C:\Users\Michal\AppData\Local\Programs\MiKTeX 2.9\tex/context/base/mkii\supp-
pdf.mkii"
[Loading MPS to PDF converter (version 2006.09.02).]
\scratchcounter=\count292
\scratchdimen=\dimen268
\scratchbox=\box66
\nofMPsegments=\count293
\nofMParguments=\count294
\everyMPshowfont=\toks33
\MPscratchCnt=\count295
\MPscratchDim=\dimen269
\MPnumerator=\count296
\makeMPintoPDFobject=\count297
\everyMPtoPDFconversion=\toks34
)
("C:\Users\Michal\AppData\Local\Programs\MiKTeX 2.9\tex/latex/oberdiek\epstopdf
-base.sty"
Package: epstopdf-base 2016/05/15 v2.6 Base part for package epstopdf

("C:\Users\Michal\AppData\Local\Programs\MiKTeX 2.9\tex/latex/oberdiek\grfext.s
ty"
Package: grfext 2016/05/16 v1.2 Manage graphics extensions (HO)

("C:\Users\Michal\AppData\Local\Programs\MiKTeX 2.9\tex/generic/oberdiek\kvdefi
nekeys.sty"
Package: kvdefinekeys 2016/05/16 v1.4 Define keys (HO)
))
("C:\Users\Michal\AppData\Local\Programs\MiKTeX 2.9\tex/latex/oberdiek\kvoption
s.sty"
Package: kvoptions 2016/05/16 v3.12 Key value format for package options (HO)

("C:\Users\Michal\AppData\Local\Programs\MiKTeX 2.9\tex/generic/oberdiek\kvsetk
eys.sty"
Package: kvsetkeys 2016/05/16 v1.17 Key value parser (HO)

("C:\Users\Michal\AppData\Local\Programs\MiKTeX 2.9\tex/generic/oberdiek\etexcm
ds.sty"
Package: etexcmds 2016/05/16 v1.6 Avoid name clashes with e-TeX commands (HO)
)))
Package epstopdf-base Info: Redefining graphics rule for `.eps' on input line 4
38.
Package grfext Info: Graphics extension search list:
(grfext)             [.pdf,.png,.jpg,.mps,.jpeg,.jbig2,.jb2,.PDF,.PNG,.JPG,.JPE
G,.JBIG2,.JB2,.eps]
(grfext)             \AppendGraphicsExtensions on input line 456.
) ABD: EveryShipout initializing macros
Package pgfplots notification 'compat/show suggested version=true': you might b
enefit from \pgfplotsset{compat=1.16} (current compat level: 1.10).

Now handling font encoding TS1 ...
... processing UTF-8 mapping file for font encoding TS1
("C:\Users\Michal\AppData\Local\Programs\MiKTeX 2.9\tex/latex/base\ts1enc.dfu"
File: ts1enc.dfu 2018/10/05 v1.2f UTF-8 support for inputenc
   defining Unicode char U+00A2 (decimal 162)
   defining Unicode char U+00A3 (decimal 163)
   defining Unicode char U+00A4 (decimal 164)
   defining Unicode char U+00A5 (decimal 165)
   defining Unicode char U+00A6 (decimal 166)
   defining Unicode char U+00A7 (decimal 167)
   defining Unicode char U+00A8 (decimal 168)
   defining Unicode char U+00A9 (decimal 169)
   defining Unicode char U+00AA (decimal 170)
   defining Unicode char U+00AC (decimal 172)
   defining Unicode char U+00AE (decimal 174)
   defining Unicode char U+00AF (decimal 175)
   defining Unicode char U+00B0 (decimal 176)
   defining Unicode char U+00B1 (decimal 177)
   defining Unicode char U+00B2 (decimal 178)
   defining Unicode char U+00B3 (decimal 179)
   defining Unicode char U+00B4 (decimal 180)
   defining Unicode char U+00B5 (decimal 181)
   defining Unicode char U+00B6 (decimal 182)
   defining Unicode char U+00B7 (decimal 183)
   defining Unicode char U+00B9 (decimal 185)
   defining Unicode char U+00BA (decimal 186)
   defining Unicode char U+00BC (decimal 188)
   defining Unicode char U+00BD (decimal 189)
   defining Unicode char U+00BE (decimal 190)
   defining Unicode char U+00D7 (decimal 215)
   defining Unicode char U+00F7 (decimal 247)
   defining Unicode char U+0192 (decimal 402)
   defining Unicode char U+02C7 (decimal 711)
   defining Unicode char U+02D8 (decimal 728)
   defining Unicode char U+02DD (decimal 733)
   defining Unicode char U+0E3F (decimal 3647)
   defining Unicode char U+2016 (decimal 8214)
   defining Unicode char U+2020 (decimal 8224)
   defining Unicode char U+2021 (decimal 8225)
   defining Unicode char U+2022 (decimal 8226)
   defining Unicode char U+2030 (decimal 8240)
   defining Unicode char U+2031 (decimal 8241)
   defining Unicode char U+203B (decimal 8251)
   defining Unicode char U+203D (decimal 8253)
   defining Unicode char U+2044 (decimal 8260)
   defining Unicode char U+204E (decimal 8270)
   defining Unicode char U+2052 (decimal 8274)
   defining Unicode char U+20A1 (decimal 8353)
   defining Unicode char U+20A4 (decimal 8356)
   defining Unicode char U+20A6 (decimal 8358)
   defining Unicode char U+20A9 (decimal 8361)
   defining Unicode char U+20AB (decimal 8363)
   defining Unicode char U+20AC (decimal 8364)
   defining Unicode char U+20B1 (decimal 8369)
   defining Unicode char U+2103 (decimal 8451)
   defining Unicode char U+2116 (decimal 8470)
   defining Unicode char U+2117 (decimal 8471)
   defining Unicode char U+211E (decimal 8478)
   defining Unicode char U+2120 (decimal 8480)
   defining Unicode char U+2122 (decimal 8482)
   defining Unicode char U+2126 (decimal 8486)
   defining Unicode char U+2127 (decimal 8487)
   defining Unicode char U+212E (decimal 8494)
   defining Unicode char U+2190 (decimal 8592)
   defining Unicode char U+2191 (decimal 8593)
   defining Unicode char U+2192 (decimal 8594)
   defining Unicode char U+2193 (decimal 8595)
   defining Unicode char U+2329 (decimal 9001)
   defining Unicode char U+232A (decimal 9002)
   defining Unicode char U+2422 (decimal 9250)
   defining Unicode char U+25E6 (decimal 9702)
   defining Unicode char U+25EF (decimal 9711)
   defining Unicode char U+266A (decimal 9834)
   defining Unicode char U+FEFF (decimal 65279)
)
("C:\Users\Michal\AppData\Local\Programs\MiKTeX 2.9\tex/latex/translator\transl
ator-basic-dictionary-English.dict"
Dictionary: translator-basic-dictionary, Language: English 
)
("C:\Users\Michal\AppData\Local\Programs\MiKTeX 2.9\tex/latex/siunitx\siunitx-a
bbreviations.cfg"
File: siunitx-abbreviations.cfg 2017/11/26 v2.7k siunitx: Abbreviated units
)
("C:\Users\Michal\AppData\Local\Programs\MiKTeX 2.9\tex/latex/siunitx\siunitx-b
inary.cfg"
File: siunitx-binary.cfg 2017/11/26 v2.7k siunitx: Binary units
)
LaTeX Font Info:    External font `cmex10' loaded for size
(Font)              <10.95> on input line 32.
LaTeX Font Info:    External font `cmex10' loaded for size
(Font)              <8> on input line 32.
LaTeX Font Info:    External font `cmex10' loaded for size
(Font)              <6> on input line 32.
A tikzpicture has been optimized away. Use '/tikz/external/optimize=false' to d
isable this.
A tikzpicture has been optimized away. Use '/tikz/external/optimize=false' to d
isable this.
A tikzpicture has been optimized away. Use '/tikz/external/optimize=false' to d
isable this.
A tikzpicture has been optimized away. Use '/tikz/external/optimize=false' to d
isable this.
A tikzpicture has been optimized away. Use '/tikz/external/optimize=false' to d
isable this.
A tikzpicture has been optimized away. Use '/tikz/external/optimize=false' to d
isable this.
A tikzpicture has been optimized away. Use '/tikz/external/optimize=false' to d
isable this.
A tikzpicture has been optimized away. Use '/tikz/external/optimize=false' to d
isable this.
A tikzpicture has been optimized away. Use '/tikz/external/optimize=false' to d
isable this.
A tikzpicture has been optimized away. Use '/tikz/external/optimize=false' to d
isable this.
\openout4 = `pdf/DMC_E=34_0384_bez_pom_sin=0_5_.dpth'.

PGFPlots: reading {../DMC_zak/Y__DMC_E=34.0384_bez_pom_sin=0.5_.txt}
\tikzexternal@dep@file=\write5
\openout5 = `pdf/DMC_E=34_0384_bez_pom_sin=0_5_.dep'.

PGFPlots: reading {../DMC_zak/Yzad.txt}
LaTeX Font Info:    External font `cmex10' loaded for size
(Font)              <5> on input line 258.
LaTeX Font Info:    External font `cmex10' loaded for size
(Font)              <9> on input line 258.
PGFPlots: reading {../DMC_zak/U__DMC_E=34.0384_bez_pom_sin=0.5_.txt}
[1

{C:/Users/Michal/AppData/Local/MiKTeX/2.9/pdftex/config/pdftex.map}]
Package atveryend Info: Empty hook `BeforeClearDocument' on input line 265.
Package atveryend Info: Empty hook `AfterLastShipout' on input line 265.
Package atveryend Info: Executing hook `AtVeryEndDocument' on input line 265.
Package atveryend Info: Empty hook `AtEndAfterFileList' on input line 265.
Package atveryend Info: Empty hook `AtVeryVeryEnd' on input line 265.
 ) 
Here is how much of TeX's memory you used:
 34362 strings out of 492946
 863050 string characters out of 3125823
 1116802 words of memory out of 3000000
 37837 multiletter control sequences out of 15000+200000
 538640 words of font info for 47 fonts, out of 3000000 for 9000
 1141 hyphenation exceptions out of 8191
 63i,21n,96p,797b,2466s stack positions out of 5000i,500n,10000p,200000b,50000s
<C:/Users/Michal/AppData/Local/Programs/MiKTeX 2.9/fonts/type1/public/amsfont
s/cm/cmmi6.pfb><C:/Users/Michal/AppData/Local/Programs/MiKTeX 2.9/fonts/type1/p
ublic/amsfonts/cm/cmmi9.pfb><C:/Users/Michal/AppData/Local/Programs/MiKTeX 2.9/
fonts/type1/public/amsfonts/cm/cmr6.pfb>
Output written on pdf/DMC_E=34_0384_bez_pom_sin=0_5_.pdf (1 page, 36762 bytes).

PDF statistics:
 21 PDF objects out of 1000 (max. 8388607)
 0 named destinations out of 1000 (max. 500000)
 13 words of extra memory for PDF output out of 10000 (max. 10000000)

